<?xml version="1.0" encoding="UTF-8"?>
<!-- Generated by org.testng.reporters.JUnitReportReporter -->
<testsuite hostname="LAPTOP-RO5NS03S" name="excelExportAndFileIO.DataDrivenTestingUsingExcel" tests="8" failures="0" timestamp="12 Dec 2016 23:55:16 GMT" time="0.039" errors="0">
  <testcase name="f" time="0.007" classname="excelExportAndFileIO.DataDrivenTestingUsingExcel"/>
  <testcase name="f" time="0.008" classname="excelExportAndFileIO.DataDrivenTestingUsingExcel"/>
  <testcase name="f" time="0.001" classname="excelExportAndFileIO.DataDrivenTestingUsingExcel"/>
  <testcase name="f" time="0.002" classname="excelExportAndFileIO.DataDrivenTestingUsingExcel"/>
  <testcase name="f" time="0.012" classname="excelExportAndFileIO.DataDrivenTestingUsingExcel"/>
  <testcase name="f" time="0.004" classname="excelExportAndFileIO.DataDrivenTestingUsingExcel"/>
  <testcase name="f" time="0.004" classname="excelExportAndFileIO.DataDrivenTestingUsingExcel"/>
  <testcase name="f" time="0.001" classname="excelExportAndFileIO.DataDrivenTestingUsingExcel"/>
</testsuite> <!-- excelExportAndFileIO.DataDrivenTestingUsingExcel -->
