<?xml version="1.0" encoding="UTF-8"?>
<!-- Generated by org.testng.reporters.JUnitReportReporter -->
<testsuite hostname="LAPTOP-RO5NS03S" name="drivenTestApps.HybridTesting" tests="3" failures="0" timestamp="17 Dec 2016 06:50:29 GMT" time="0.012" errors="0">
  <testcase name="verifyData3" time="0.001" classname="drivenTestApps.HybridTesting"/>
  <testcase name="verifyData3" time="0.001" classname="drivenTestApps.HybridTesting"/>
  <testcase name="verifyData3" time="0.010" classname="drivenTestApps.HybridTesting"/>
</testsuite> <!-- drivenTestApps.HybridTesting -->
