<?xml version="1.0" encoding="UTF-8"?>
<!-- Generated by org.testng.reporters.JUnitReportReporter -->
<testsuite hostname="LAPTOP-RO5NS03S" name="testNGGroupID.testNGArtifactID.tttttttt" tests="1" failures="0" timestamp="18 Dec 2016 16:53:11 GMT" time="0.011" errors="0">
  <testcase name="f" time="0.011" classname="testNGGroupID.testNGArtifactID.tttttttt"/>
</testsuite> <!-- testNGGroupID.testNGArtifactID.tttttttt -->
