<?xml version="1.0" encoding="UTF-8"?>
<!-- Generated by org.testng.reporters.JUnitReportReporter -->
<testsuite hostname="LAPTOP-RO5NS03S" name="readWriteToFiles.DataDrivenTestingUsingExcel" tests="11" failures="0" timestamp="13 Dec 2016 00:29:30 GMT" time="0.042" errors="0">
  <testcase name="f" time="0.004" classname="readWriteToFiles.DataDrivenTestingUsingExcel"/>
  <testcase name="f" time="0.008" classname="readWriteToFiles.DataDrivenTestingUsingExcel"/>
  <testcase name="f" time="0.003" classname="readWriteToFiles.DataDrivenTestingUsingExcel"/>
  <testcase name="f" time="0.002" classname="readWriteToFiles.DataDrivenTestingUsingExcel"/>
  <testcase name="f" time="0.001" classname="readWriteToFiles.DataDrivenTestingUsingExcel"/>
  <testcase name="f" time="0.003" classname="readWriteToFiles.DataDrivenTestingUsingExcel"/>
  <testcase name="f" time="0.004" classname="readWriteToFiles.DataDrivenTestingUsingExcel"/>
  <testcase name="f" time="0.004" classname="readWriteToFiles.DataDrivenTestingUsingExcel"/>
  <testcase name="f" time="0.005" classname="readWriteToFiles.DataDrivenTestingUsingExcel"/>
  <testcase name="f" time="0.004" classname="readWriteToFiles.DataDrivenTestingUsingExcel"/>
  <testcase name="f" time="0.004" classname="readWriteToFiles.DataDrivenTestingUsingExcel"/>
</testsuite> <!-- readWriteToFiles.DataDrivenTestingUsingExcel -->
