<?xml version="1.0" encoding="UTF-8"?>
<!-- Generated by org.testng.reporters.JUnitReportReporter -->
<testsuite hostname="LAPTOP-RO5NS03S" name="drivenTestApps.SampleTest" tests="5" failures="0" timestamp="18 Dec 2016 15:50:03 GMT" time="59.000" errors="0">
  <testcase name="f" time="11.317" classname="drivenTestApps.SampleTest"/>
  <testcase name="f" time="11.386" classname="drivenTestApps.SampleTest"/>
  <testcase name="f" time="12.369" classname="drivenTestApps.SampleTest"/>
  <testcase name="f" time="11.733" classname="drivenTestApps.SampleTest"/>
  <testcase name="f" time="12.195" classname="drivenTestApps.SampleTest"/>
</testsuite> <!-- drivenTestApps.SampleTest -->
